# JRE version: 7.0_04-b20
# Java VM: Java HotSpot(TM) Server VM (23.0-b21 mixed mode linux-x86 )
Heap
 PSYoungGen      total 248128K, used 241000K [0xdffa0000, 0xf0240000, 0xf3840000)
  eden space 233088K, 100% used [0xdffa0000,0xee340000,0xee340000)
  from space 15040K, 52% used [0xef390000,0xefb4a1f0,0xf0240000)
  to   space 15872K, 30% used [0xee340000,0xee7f4000,0xef2c0000)
 ParOldGen       total 40000K, used 28860K [0xb8e40000, 0xbb550000, 0xdffa0000)
  object space 40000K, 72% used [0xb8e40000,0xbaa6f078,0xbb550000)
 PSPermGen       total 16384K, used 10106K [0xb4e40000, 0xb5e40000, 0xb8e40000)
  object space 16384K, 61% used [0xb4e40000,0xb581eac0,0xb5e40000)
GC Heap History (10 events):
Event: 2.540 GC heap after
Heap after GC invocations=4 (full 0):
 PSYoungGen      total 62400K, used 2494K [0xdffa0000, 0xe3f00000, 0xf3840000)
  eden space 59904K, 0% used [0xdffa0000,0xdffa0000,0xe3a20000)
  from space 2496K, 99% used [0xe3c90000,0xe3eff898,0xe3f00000)
  to   space 2496K, 0% used [0xe3a20000,0xe3a20000,0xe3c90000)
 ParOldGen       total 40000K, used 3045K [0xb8e40000, 0xbb550000, 0xdffa0000)
  object space 40000K, 7% used [0xb8e40000,0xb91395f0,0xbb550000)
 PSPermGen       total 16384K, used 7247K [0xb4e40000, 0xb5e40000, 0xb8e40000)
  object space 16384K, 44% used [0xb4e40000,0xb5553ea8,0xb5e40000)
}
Event: 3.870 GC heap before
{Heap before GC invocations=5 (full 0):
 PSYoungGen      total 62400K, used 62398K [0xdffa0000, 0xe3f00000, 0xf3840000)
  eden space 59904K, 100% used [0xdffa0000,0xe3a20000,0xe3a20000)
  from space 2496K, 99% used [0xe3c90000,0xe3eff898,0xe3f00000)
  to   space 2496K, 0% used [0xe3a20000,0xe3a20000,0xe3c90000)
 ParOldGen       total 40000K, used 3045K [0xb8e40000, 0xbb550000, 0xdffa0000)
  object space 40000K, 7% used [0xb8e40000,0xb91395f0,0xbb550000)
 PSPermGen       total 16384K, used 9144K [0xb4e40000, 0xb5e40000, 0xb8e40000)
  object space 16384K, 55% used [0xb4e40000,0xb572e2d8,0xb5e40000)
Event: 3.895 GC heap after
Heap after GC invocations=5 (full 0):
 PSYoungGen      total 62400K, used 2490K [0xdffa0000, 0xe7e40000, 0xf3840000)
  eden space 59904K, 0% used [0xdffa0000,0xdffa0000,0xe3a20000)
  from space 2496K, 99% used [0xe3a20000,0xe3c8e8f8,0xe3c90000)
  to   space 4928K, 0% used [0xe7970000,0xe7970000,0xe7e40000)
 ParOldGen       total 40000K, used 5691K [0xb8e40000, 0xbb550000, 0xdffa0000)
  object space 40000K, 14% used [0xb8e40000,0xb93cedf0,0xbb550000)
 PSPermGen       total 16384K, used 9144K [0xb4e40000, 0xb5e40000, 0xb8e40000)
  object space 16384K, 55% used [0xb4e40000,0xb572e2d8,0xb5e40000)
}
Event: 4.600 GC heap before
{Heap before GC invocations=6 (full 0):
 PSYoungGen      total 62400K, used 62394K [0xdffa0000, 0xe7e40000, 0xf3840000)
  eden space 59904K, 100% used [0xdffa0000,0xe3a20000,0xe3a20000)
  from space 2496K, 99% used [0xe3a20000,0xe3c8e8f8,0xe3c90000)
  to   space 4928K, 0% used [0xe7970000,0xe7970000,0xe7e40000)
 ParOldGen       total 40000K, used 5691K [0xb8e40000, 0xbb550000, 0xdffa0000)
  object space 40000K, 14% used [0xb8e40000,0xb93cedf0,0xbb550000)
 PSPermGen       total 16384K, used 9538K [0xb4e40000, 0xb5e40000, 0xb8e40000)
  object space 16384K, 58% used [0xb4e40000,0xb5790bb0,0xb5e40000)
Event: 4.668 GC heap after
Heap after GC invocations=6 (full 0):
 PSYoungGen      total 121472K, used 4920K [0xdffa0000, 0xe84a0000, 0xf3840000)
  eden space 116544K, 0% used [0xdffa0000,0xdffa0000,0xe7170000)
  from space 4928K, 99% used [0xe7970000,0xe7e3e080,0xe7e40000)
  to   space 8192K, 0% used [0xe7170000,0xe7170000,0xe7970000)
 ParOldGen       total 40000K, used 10496K [0xb8e40000, 0xbb550000, 0xdffa0000)
  object space 40000K, 26% used [0xb8e40000,0xb9880308,0xbb550000)
 PSPermGen       total 16384K, used 9538K [0xb4e40000, 0xb5e40000, 0xb8e40000)
  object space 16384K, 58% used [0xb4e40000,0xb5790bb0,0xb5e40000)
}
Event: 39.268 GC heap before
{Heap before GC invocations=7 (full 0):
 PSYoungGen      total 121472K, used 121464K [0xdffa0000, 0xe84a0000, 0xf3840000)
  eden space 116544K, 100% used [0xdffa0000,0xe7170000,0xe7170000)
  from space 4928K, 99% used [0xe7970000,0xe7e3e080,0xe7e40000)
  to   space 8192K, 0% used [0xe7170000,0xe7170000,0xe7970000)
 ParOldGen       total 40000K, used 10496K [0xb8e40000, 0xbb550000, 0xdffa0000)
  object space 40000K, 26% used [0xb8e40000,0xb9880308,0xbb550000)
 PSPermGen       total 16384K, used 9630K [0xb4e40000, 0xb5e40000, 0xb8e40000)
  object space 16384K, 58% used [0xb4e40000,0xb57a7908,0xb5e40000)
Event: 39.485 GC heap after
Heap after GC invocations=7 (full 0):
 PSYoungGen      total 124736K, used 8192K [0xdffa0000, 0xf03e0000, 0xf3840000)
  eden space 116544K, 0% used [0xdffa0000,0xdffa0000,0xe7170000)
  from space 8192K, 100% used [0xe7170000,0xe7970000,0xe7970000)
  to   space 16704K, 0% used [0xef390000,0xef390000,0xf03e0000)
 ParOldGen       total 40000K, used 24885K [0xb8e40000, 0xbb550000, 0xdffa0000)
  object space 40000K, 62% used [0xb8e40000,0xba68d698,0xbb550000)
 PSPermGen       total 16384K, used 9630K [0xb4e40000, 0xb5e40000, 0xb8e40000)
  object space 16384K, 58% used [0xb4e40000,0xb57a7908,0xb5e40000)
}
Event: 84.284 GC heap before
{Heap before GC invocations=8 (full 0):
 PSYoungGen      total 124736K, used 124736K [0xdffa0000, 0xf03e0000, 0xf3840000)
  eden space 116544K, 100% used [0xdffa0000,0xe7170000,0xe7170000)
  from space 8192K, 100% used [0xe7170000,0xe7970000,0xe7970000)
  to   space 16704K, 0% used [0xef390000,0xef390000,0xf03e0000)
 ParOldGen       total 40000K, used 24885K [0xb8e40000, 0xbb550000, 0xdffa0000)
  object space 40000K, 62% used [0xb8e40000,0xba68d698,0xbb550000)
 PSPermGen       total 16384K, used 9854K [0xb4e40000, 0xb5e40000, 0xb8e40000)
  object space 16384K, 60% used [0xb4e40000,0xb57df9a8,0xb5e40000)
Event: 84.368 GC heap after
Heap after GC invocations=8 (full 0):
 PSYoungGen      total 248128K, used 7912K [0xdffa0000, 0xf0240000, 0xf3840000)
  eden space 233088K, 0% used [0xdffa0000,0xdffa0000,0xee340000)
  from space 15040K, 52% used [0xef390000,0xefb4a1f0,0xf0240000)
  to   space 15872K, 0% used [0xee340000,0xee340000,0xef2c0000)
 ParOldGen       total 40000K, used 25537K [0xb8e40000, 0xbb550000, 0xdffa0000)
  object space 40000K, 63% used [0xb8e40000,0xba730698,0xbb550000)
 PSPermGen       total 16384K, used 9854K [0xb4e40000, 0xb5e40000, 0xb8e40000)
  object space 16384K, 60% used [0xb4e40000,0xb57df9a8,0xb5e40000)
}
Event: 451.429 GC heap before
{Heap before GC invocations=9 (full 0):
 PSYoungGen      total 248128K, used 241000K [0xdffa0000, 0xf0240000, 0xf3840000)
  eden space 233088K, 100% used [0xdffa0000,0xee340000,0xee340000)
  from space 15040K, 52% used [0xef390000,0xefb4a1f0,0xf0240000)
  to   space 15872K, 0% used [0xee340000,0xee340000,0xef2c0000)
 ParOldGen       total 40000K, used 25537K [0xb8e40000, 0xbb550000, 0xdffa0000)
  object space 40000K, 63% used [0xb8e40000,0xba730698,0xbb550000)
 PSPermGen       total 16384K, used 10106K [0xb4e40000, 0xb5e40000, 0xb8e40000)
  object space 16384K, 61% used [0xb4e40000,0xb581eac0,0xb5e40000)

